[debug] [2025-06-11T15:51:34.281Z] ----------------------------------------------------------------------
[debug] [2025-06-11T15:51:34.284Z] Command:       C:\Program Files\nodejs\node.exe C:\Users\Muthupandi Raj\AppData\Roaming\npm\node_modules\firebase-tools\lib\bin\firebase.js init
[debug] [2025-06-11T15:51:34.285Z] CLI Version:   13.29.1
[debug] [2025-06-11T15:51:34.285Z] Platform:      win32
[debug] [2025-06-11T15:51:34.285Z] Node Version:  v22.11.0
[debug] [2025-06-11T15:51:34.286Z] Time:          Wed Jun 11 2025 21:21:34 GMT+0530 (India Standard Time)
[debug] [2025-06-11T15:51:34.286Z] ----------------------------------------------------------------------
[debug] 
[debug] [2025-06-11T15:51:34.375Z] > command requires scopes: ["email","openid","https://www.googleapis.com/auth/cloudplatformprojects.readonly","https://www.googleapis.com/auth/firebase","https://www.googleapis.com/auth/cloud-platform"]
[debug] [2025-06-11T15:51:34.376Z] > authorizing via signed-in user (rmuthu.theni@gmail.com)
[info] 
     ######## #### ########  ######## ########     ###     ######  ########
     ##        ##  ##     ## ##       ##     ##  ##   ##  ##       ##
     ######    ##  ########  ######   ########  #########  ######  ######
     ##        ##  ##    ##  ##       ##     ## ##     ##       ## ##
     ##       #### ##     ## ######## ########  ##     ##  ######  ########

You're about to initialize a Firebase project in this directory:

  D:\Developer\Programs\React\muthu_resume

Before we get started, keep in mind:

  * You are initializing within an existing Firebase project directory

[info] 
=== Project Setup
[info] 
[info] First, let's associate this project directory with a Firebase project.
[info] You can create multiple project aliases by running firebase use --add, 
[info] but for now we'll just set up a default project.
[info] 
[debug] [2025-06-11T15:51:47.966Z] Using project from CLI flag: resume-muthupandi-raj
[debug] [2025-06-11T15:51:47.968Z] Checked if tokens are valid: true, expires at: 1749660655036
[debug] [2025-06-11T15:51:47.968Z] Checked if tokens are valid: true, expires at: 1749660655036
[debug] [2025-06-11T15:51:47.969Z] >>> [apiv2][query] GET https://firebase.googleapis.com/v1beta1/projects/resume-muthupandi-raj [none]
[debug] [2025-06-11T15:51:49.203Z] <<< [apiv2][status] GET https://firebase.googleapis.com/v1beta1/projects/resume-muthupandi-raj 403
[debug] [2025-06-11T15:51:49.204Z] <<< [apiv2][body] GET https://firebase.googleapis.com/v1beta1/projects/resume-muthupandi-raj {"error":{"code":403,"message":"The caller does not have permission","status":"PERMISSION_DENIED"}}
[debug] [2025-06-11T15:51:49.205Z] Request to https://firebase.googleapis.com/v1beta1/projects/resume-muthupandi-raj had HTTP Error: 403, The caller does not have permission
[debug] [2025-06-11T15:51:50.195Z] FirebaseError: Request to https://firebase.googleapis.com/v1beta1/projects/resume-muthupandi-raj had HTTP Error: 403, The caller does not have permission
    at responseToError (C:\Users\Muthupandi Raj\AppData\Roaming\npm\node_modules\firebase-tools\lib\responseToError.js:52:12)
    at RetryOperation._fn (C:\Users\Muthupandi Raj\AppData\Roaming\npm\node_modules\firebase-tools\lib\apiv2.js:312:77)
    at process.processTicksAndRejections (node:internal/process/task_queues:105:5)
[error] 
[error] Error: Failed to get Firebase project resume-muthupandi-raj. Please make sure the project exists and your account has permission to access it.
[debug] [2025-06-11T15:52:21.900Z] ----------------------------------------------------------------------
[debug] [2025-06-11T15:52:21.903Z] Command:       C:\Program Files\nodejs\node.exe C:\Users\Muthupandi Raj\AppData\Roaming\npm\node_modules\firebase-tools\lib\bin\firebase.js use --add
[debug] [2025-06-11T15:52:21.904Z] CLI Version:   13.29.1
[debug] [2025-06-11T15:52:21.904Z] Platform:      win32
[debug] [2025-06-11T15:52:21.904Z] Node Version:  v22.11.0
[debug] [2025-06-11T15:52:21.905Z] Time:          Wed Jun 11 2025 21:22:21 GMT+0530 (India Standard Time)
[debug] [2025-06-11T15:52:21.905Z] ----------------------------------------------------------------------
[debug] 
[debug] [2025-06-11T15:52:21.992Z] > command requires scopes: ["email","openid","https://www.googleapis.com/auth/cloudplatformprojects.readonly","https://www.googleapis.com/auth/firebase","https://www.googleapis.com/auth/cloud-platform"]
[debug] [2025-06-11T15:52:21.993Z] > authorizing via signed-in user (rmuthu.theni@gmail.com)
[debug] [2025-06-11T15:52:21.995Z] Checked if tokens are valid: true, expires at: 1749660655036
[debug] [2025-06-11T15:52:21.995Z] Checked if tokens are valid: true, expires at: 1749660655036
[debug] [2025-06-11T15:52:21.996Z] >>> [apiv2][query] GET https://firebase.googleapis.com/v1beta1/projects pageSize=1000
[debug] [2025-06-11T15:52:23.010Z] <<< [apiv2][status] GET https://firebase.googleapis.com/v1beta1/projects 200
[debug] [2025-06-11T15:52:23.010Z] <<< [apiv2][body] GET https://firebase.googleapis.com/v1beta1/projects [omitted]
[debug] [2025-06-11T15:53:18.331Z] ----------------------------------------------------------------------
[debug] [2025-06-11T15:53:18.334Z] Command:       C:\Program Files\nodejs\node.exe C:\Users\Muthupandi Raj\AppData\Roaming\npm\node_modules\firebase-tools\lib\bin\firebase.js init
[debug] [2025-06-11T15:53:18.335Z] CLI Version:   13.29.1
[debug] [2025-06-11T15:53:18.335Z] Platform:      win32
[debug] [2025-06-11T15:53:18.335Z] Node Version:  v22.11.0
[debug] [2025-06-11T15:53:18.336Z] Time:          Wed Jun 11 2025 21:23:18 GMT+0530 (India Standard Time)
[debug] [2025-06-11T15:53:18.336Z] ----------------------------------------------------------------------
[debug] 
[debug] [2025-06-11T15:53:18.426Z] > command requires scopes: ["email","openid","https://www.googleapis.com/auth/cloudplatformprojects.readonly","https://www.googleapis.com/auth/firebase","https://www.googleapis.com/auth/cloud-platform"]
[debug] [2025-06-11T15:53:18.427Z] > authorizing via signed-in user (rmuthu.theni@gmail.com)
[info] 
     ######## #### ########  ######## ########     ###     ######  ########
     ##        ##  ##     ## ##       ##     ##  ##   ##  ##       ##
     ######    ##  ########  ######   ########  #########  ######  ######
     ##        ##  ##    ##  ##       ##     ## ##     ##       ## ##
     ##       #### ##     ## ######## ########  ##     ##  ######  ########

You're about to initialize a Firebase project in this directory:

  D:\Developer\Programs\React\muthu_resume

Before we get started, keep in mind:

  * You are initializing within an existing Firebase project directory

[info] 
=== Project Setup
[info] 
[info] First, let's associate this project directory with a Firebase project.
[info] You can create multiple project aliases by running firebase use --add, 
[info] but for now we'll just set up a default project.
[info] 
[debug] [2025-06-11T15:53:43.559Z] Using project from CLI flag: resume-muthupandi-raj
[debug] [2025-06-11T15:53:43.561Z] Checked if tokens are valid: true, expires at: 1749660655036
[debug] [2025-06-11T15:53:43.561Z] Checked if tokens are valid: true, expires at: 1749660655036
[debug] [2025-06-11T15:53:43.562Z] >>> [apiv2][query] GET https://firebase.googleapis.com/v1beta1/projects/resume-muthupandi-raj [none]
[debug] [2025-06-11T15:53:44.454Z] <<< [apiv2][status] GET https://firebase.googleapis.com/v1beta1/projects/resume-muthupandi-raj 403
[debug] [2025-06-11T15:53:44.454Z] <<< [apiv2][body] GET https://firebase.googleapis.com/v1beta1/projects/resume-muthupandi-raj {"error":{"code":403,"message":"The caller does not have permission","status":"PERMISSION_DENIED"}}
[debug] [2025-06-11T15:53:44.455Z] Request to https://firebase.googleapis.com/v1beta1/projects/resume-muthupandi-raj had HTTP Error: 403, The caller does not have permission
[debug] [2025-06-11T15:53:45.013Z] FirebaseError: Request to https://firebase.googleapis.com/v1beta1/projects/resume-muthupandi-raj had HTTP Error: 403, The caller does not have permission
    at responseToError (C:\Users\Muthupandi Raj\AppData\Roaming\npm\node_modules\firebase-tools\lib\responseToError.js:52:12)
    at RetryOperation._fn (C:\Users\Muthupandi Raj\AppData\Roaming\npm\node_modules\firebase-tools\lib\apiv2.js:312:77)
    at process.processTicksAndRejections (node:internal/process/task_queues:105:5)
[error] 
[error] Error: Failed to get Firebase project resume-muthupandi-raj. Please make sure the project exists and your account has permission to access it.
